Connecting to database specified by database.yml
Connecting to database specified by database.yml


Started GET "/assets/rails.png" for 10.0.2.2 at 2013-07-27 01:42:08 +0000
Served asset /rails.png - 200 OK (26ms)
Connecting to database specified by database.yml
Connecting to database specified by database.yml


Started GET "/" for 10.0.2.2 at 2013-07-27 01:46:09 +0000

AbstractController::ActionNotFound (The action 'index' could not be found for MainController):
  actionpack (3.2.13) lib/abstract_controller/base.rb:116:in `process'
  actionpack (3.2.13) lib/abstract_controller/rendering.rb:45:in `process'
  actionpack (3.2.13) lib/action_controller/metal.rb:203:in `dispatch'
  actionpack (3.2.13) lib/action_controller/metal/rack_delegation.rb:14:in `dispatch'
  actionpack (3.2.13) lib/action_controller/metal.rb:246:in `block in action'
  actionpack (3.2.13) lib/action_dispatch/routing/route_set.rb:73:in `call'
  actionpack (3.2.13) lib/action_dispatch/routing/route_set.rb:73:in `dispatch'
  actionpack (3.2.13) lib/action_dispatch/routing/route_set.rb:36:in `call'
  journey (1.0.4) lib/journey/router.rb:68:in `block in call'
  journey (1.0.4) lib/journey/router.rb:56:in `each'
  journey (1.0.4) lib/journey/router.rb:56:in `call'
  actionpack (3.2.13) lib/action_dispatch/routing/route_set.rb:612:in `call'
  actionpack (3.2.13) lib/action_dispatch/middleware/best_standards_support.rb:17:in `call'
  rack (1.4.5) lib/rack/etag.rb:23:in `call'
  rack (1.4.5) lib/rack/conditionalget.rb:25:in `call'
  actionpack (3.2.13) lib/action_dispatch/middleware/head.rb:14:in `call'
  actionpack (3.2.13) lib/action_dispatch/middleware/params_parser.rb:21:in `call'
  actionpack (3.2.13) lib/action_dispatch/middleware/flash.rb:242:in `call'
  rack (1.4.5) lib/rack/session/abstract/id.rb:210:in `context'
  rack (1.4.5) lib/rack/session/abstract/id.rb:205:in `call'
  actionpack (3.2.13) lib/action_dispatch/middleware/cookies.rb:341:in `call'
  activerecord (3.2.13) lib/active_record/query_cache.rb:64:in `call'
  activerecord (3.2.13) lib/active_record/connection_adapters/abstract/connection_pool.rb:479:in `call'
  actionpack (3.2.13) lib/action_dispatch/middleware/callbacks.rb:28:in `block in call'
  activesupport (3.2.13) lib/active_support/callbacks.rb:405:in `_run__2979840450806733437__call__17823283864351331__callbacks'
  activesupport (3.2.13) lib/active_support/callbacks.rb:405:in `__run_callback'
  activesupport (3.2.13) lib/active_support/callbacks.rb:385:in `_run_call_callbacks'
  activesupport (3.2.13) lib/active_support/callbacks.rb:81:in `run_callbacks'
  actionpack (3.2.13) lib/action_dispatch/middleware/callbacks.rb:27:in `call'
  actionpack (3.2.13) lib/action_dispatch/middleware/reloader.rb:65:in `call'
  actionpack (3.2.13) lib/action_dispatch/middleware/remote_ip.rb:31:in `call'
  better_errors (0.9.0) lib/better_errors/middleware.rb:58:in `call'
  actionpack (3.2.13) lib/action_dispatch/middleware/debug_exceptions.rb:16:in `call'
  actionpack (3.2.13) lib/action_dispatch/middleware/show_exceptions.rb:56:in `call'
  railties (3.2.13) lib/rails/rack/logger.rb:32:in `call_app'
  railties (3.2.13) lib/rails/rack/logger.rb:16:in `block in call'
  activesupport (3.2.13) lib/active_support/tagged_logging.rb:22:in `tagged'
  railties (3.2.13) lib/rails/rack/logger.rb:16:in `call'
  actionpack (3.2.13) lib/action_dispatch/middleware/request_id.rb:22:in `call'
  rack (1.4.5) lib/rack/methodoverride.rb:21:in `call'
  rack (1.4.5) lib/rack/runtime.rb:17:in `call'
  activesupport (3.2.13) lib/active_support/cache/strategy/local_cache.rb:72:in `call'
  rack (1.4.5) lib/rack/lock.rb:15:in `call'
  actionpack (3.2.13) lib/action_dispatch/middleware/static.rb:63:in `call'
  railties (3.2.13) lib/rails/engine.rb:479:in `call'
  railties (3.2.13) lib/rails/application.rb:223:in `call'
  rack (1.4.5) lib/rack/content_length.rb:14:in `call'
  railties (3.2.13) lib/rails/rack/log_tailer.rb:17:in `call'
  thin (1.5.1) lib/thin/connection.rb:81:in `block in pre_process'
  thin (1.5.1) lib/thin/connection.rb:79:in `catch'
  thin (1.5.1) lib/thin/connection.rb:79:in `pre_process'
  thin (1.5.1) lib/thin/connection.rb:54:in `process'
  thin (1.5.1) lib/thin/connection.rb:39:in `receive_data'
  eventmachine (1.0.3) lib/eventmachine.rb:187:in `run_machine'
  eventmachine (1.0.3) lib/eventmachine.rb:187:in `run'
  thin (1.5.1) lib/thin/backends/base.rb:63:in `start'
  thin (1.5.1) lib/thin/server.rb:159:in `start'
  rack (1.4.5) lib/rack/handler/thin.rb:13:in `run'
  rack (1.4.5) lib/rack/server.rb:268:in `start'
  railties (3.2.13) lib/rails/commands/server.rb:70:in `start'
  railties (3.2.13) lib/rails/commands.rb:55:in `block in <top (required)>'
  railties (3.2.13) lib/rails/commands.rb:50:in `tap'
  railties (3.2.13) lib/rails/commands.rb:50:in `<top (required)>'
  script/rails:6:in `require'
  script/rails:6:in `<main>'


  Rendered /home/vagrant/.rvm/gems/ruby-1.9.3-p429/gems/actionpack-3.2.13/lib/action_dispatch/middleware/templates/rescues/unknown_action.erb within rescues/layout (3.2ms)


Started GET "/" for 10.0.2.2 at 2013-07-27 01:46:33 +0000
Processing by MainController#index as HTML
Completed 500 Internal Server Error in 12ms

ActionView::MissingTemplate (Missing template main/index, application/index with {:locale=>[:en], :formats=>[:html], :handlers=>[:erb, :builder, :coffee]}. Searched in:
  * "/home/vagrant/y-hack/app/views"
):
  actionpack (3.2.13) lib/action_view/path_set.rb:58:in `find'
  actionpack (3.2.13) lib/action_view/lookup_context.rb:109:in `find'
  actionpack (3.2.13) lib/action_view/renderer/abstract_renderer.rb:3:in `find_template'
  actionpack (3.2.13) lib/action_view/renderer/template_renderer.rb:34:in `determine_template'
  actionpack (3.2.13) lib/action_view/renderer/template_renderer.rb:10:in `render'
  actionpack (3.2.13) lib/action_view/renderer/renderer.rb:36:in `render_template'
  actionpack (3.2.13) lib/action_view/renderer/renderer.rb:17:in `render'
  actionpack (3.2.13) lib/abstract_controller/rendering.rb:110:in `_render_template'
  actionpack (3.2.13) lib/action_controller/metal/streaming.rb:225:in `_render_template'
  actionpack (3.2.13) lib/abstract_controller/rendering.rb:103:in `render_to_body'
  actionpack (3.2.13) lib/action_controller/metal/renderers.rb:28:in `render_to_body'
  actionpack (3.2.13) lib/action_controller/metal/compatibility.rb:50:in `render_to_body'
  actionpack (3.2.13) lib/abstract_controller/rendering.rb:88:in `render'
  actionpack (3.2.13) lib/action_controller/metal/rendering.rb:16:in `render'
  actionpack (3.2.13) lib/action_controller/metal/instrumentation.rb:40:in `block (2 levels) in render'
  activesupport (3.2.13) lib/active_support/core_ext/benchmark.rb:5:in `block in ms'
  /home/vagrant/.rvm/rubies/ruby-1.9.3-p429/lib/ruby/1.9.1/benchmark.rb:295:in `realtime'
  activesupport (3.2.13) lib/active_support/core_ext/benchmark.rb:5:in `ms'
  actionpack (3.2.13) lib/action_controller/metal/instrumentation.rb:40:in `block in render'
  actionpack (3.2.13) lib/action_controller/metal/instrumentation.rb:83:in `cleanup_view_runtime'
  activerecord (3.2.13) lib/active_record/railties/controller_runtime.rb:24:in `cleanup_view_runtime'
  actionpack (3.2.13) lib/action_controller/metal/instrumentation.rb:39:in `render'
  actionpack (3.2.13) lib/action_controller/metal/implicit_render.rb:10:in `default_render'
  actionpack (3.2.13) lib/action_controller/metal/implicit_render.rb:5:in `send_action'
  actionpack (3.2.13) lib/abstract_controller/base.rb:167:in `process_action'
  actionpack (3.2.13) lib/action_controller/metal/rendering.rb:10:in `process_action'
  actionpack (3.2.13) lib/abstract_controller/callbacks.rb:18:in `block in process_action'
  activesupport (3.2.13) lib/active_support/callbacks.rb:414:in `_run__4059278365374753959__process_action__2003543223005128080__callbacks'
  activesupport (3.2.13) lib/active_support/callbacks.rb:405:in `__run_callback'
  activesupport (3.2.13) lib/active_support/callbacks.rb:385:in `_run_process_action_callbacks'
  activesupport (3.2.13) lib/active_support/callbacks.rb:81:in `run_callbacks'
  actionpack (3.2.13) lib/abstract_controller/callbacks.rb:17:in `process_action'
  actionpack (3.2.13) lib/action_controller/metal/rescue.rb:29:in `process_action'
  actionpack (3.2.13) lib/action_controller/metal/instrumentation.rb:30:in `block in process_action'
  activesupport (3.2.13) lib/active_support/notifications.rb:123:in `block in instrument'
  activesupport (3.2.13) lib/active_support/notifications/instrumenter.rb:20:in `instrument'
  activesupport (3.2.13) lib/active_support/notifications.rb:123:in `instrument'
  actionpack (3.2.13) lib/action_controller/metal/instrumentation.rb:29:in `process_action'
  actionpack (3.2.13) lib/action_controller/metal/params_wrapper.rb:207:in `process_action'
  activerecord (3.2.13) lib/active_record/railties/controller_runtime.rb:18:in `process_action'
  actionpack (3.2.13) lib/abstract_controller/base.rb:121:in `process'
  actionpack (3.2.13) lib/abstract_controller/rendering.rb:45:in `process'
  actionpack (3.2.13) lib/action_controller/metal.rb:203:in `dispatch'
  actionpack (3.2.13) lib/action_controller/metal/rack_delegation.rb:14:in `dispatch'
  actionpack (3.2.13) lib/action_controller/metal.rb:246:in `block in action'
  actionpack (3.2.13) lib/action_dispatch/routing/route_set.rb:73:in `call'
  actionpack (3.2.13) lib/action_dispatch/routing/route_set.rb:73:in `dispatch'
  actionpack (3.2.13) lib/action_dispatch/routing/route_set.rb:36:in `call'
  journey (1.0.4) lib/journey/router.rb:68:in `block in call'
  journey (1.0.4) lib/journey/router.rb:56:in `each'
  journey (1.0.4) lib/journey/router.rb:56:in `call'
  actionpack (3.2.13) lib/action_dispatch/routing/route_set.rb:612:in `call'
  actionpack (3.2.13) lib/action_dispatch/middleware/best_standards_support.rb:17:in `call'
  rack (1.4.5) lib/rack/etag.rb:23:in `call'
  rack (1.4.5) lib/rack/conditionalget.rb:25:in `call'
  actionpack (3.2.13) lib/action_dispatch/middleware/head.rb:14:in `call'
  actionpack (3.2.13) lib/action_dispatch/middleware/params_parser.rb:21:in `call'
  actionpack (3.2.13) lib/action_dispatch/middleware/flash.rb:242:in `call'
  rack (1.4.5) lib/rack/session/abstract/id.rb:210:in `context'
  rack (1.4.5) lib/rack/session/abstract/id.rb:205:in `call'
  actionpack (3.2.13) lib/action_dispatch/middleware/cookies.rb:341:in `call'
  activerecord (3.2.13) lib/active_record/query_cache.rb:64:in `call'
  activerecord (3.2.13) lib/active_record/connection_adapters/abstract/connection_pool.rb:479:in `call'
  actionpack (3.2.13) lib/action_dispatch/middleware/callbacks.rb:28:in `block in call'
  activesupport (3.2.13) lib/active_support/callbacks.rb:405:in `_run__2979840450806733437__call__17823283864351331__callbacks'
  activesupport (3.2.13) lib/active_support/callbacks.rb:405:in `__run_callback'
  activesupport (3.2.13) lib/active_support/callbacks.rb:385:in `_run_call_callbacks'
  activesupport (3.2.13) lib/active_support/callbacks.rb:81:in `run_callbacks'
  actionpack (3.2.13) lib/action_dispatch/middleware/callbacks.rb:27:in `call'
  actionpack (3.2.13) lib/action_dispatch/middleware/reloader.rb:65:in `call'
  actionpack (3.2.13) lib/action_dispatch/middleware/remote_ip.rb:31:in `call'
  better_errors (0.9.0) lib/better_errors/middleware.rb:58:in `call'
  actionpack (3.2.13) lib/action_dispatch/middleware/debug_exceptions.rb:16:in `call'
  actionpack (3.2.13) lib/action_dispatch/middleware/show_exceptions.rb:56:in `call'
  railties (3.2.13) lib/rails/rack/logger.rb:32:in `call_app'
  railties (3.2.13) lib/rails/rack/logger.rb:16:in `block in call'
  activesupport (3.2.13) lib/active_support/tagged_logging.rb:22:in `tagged'
  railties (3.2.13) lib/rails/rack/logger.rb:16:in `call'
  actionpack (3.2.13) lib/action_dispatch/middleware/request_id.rb:22:in `call'
  rack (1.4.5) lib/rack/methodoverride.rb:21:in `call'
  rack (1.4.5) lib/rack/runtime.rb:17:in `call'
  activesupport (3.2.13) lib/active_support/cache/strategy/local_cache.rb:72:in `call'
  rack (1.4.5) lib/rack/lock.rb:15:in `call'
  actionpack (3.2.13) lib/action_dispatch/middleware/static.rb:63:in `call'
  railties (3.2.13) lib/rails/engine.rb:479:in `call'
  railties (3.2.13) lib/rails/application.rb:223:in `call'
  rack (1.4.5) lib/rack/content_length.rb:14:in `call'
  railties (3.2.13) lib/rails/rack/log_tailer.rb:17:in `call'
  thin (1.5.1) lib/thin/connection.rb:81:in `block in pre_process'
  thin (1.5.1) lib/thin/connection.rb:79:in `catch'
  thin (1.5.1) lib/thin/connection.rb:79:in `pre_process'
  thin (1.5.1) lib/thin/connection.rb:54:in `process'
  thin (1.5.1) lib/thin/connection.rb:39:in `receive_data'
  eventmachine (1.0.3) lib/eventmachine.rb:187:in `run_machine'
  eventmachine (1.0.3) lib/eventmachine.rb:187:in `run'
  thin (1.5.1) lib/thin/backends/base.rb:63:in `start'
  thin (1.5.1) lib/thin/server.rb:159:in `start'
  rack (1.4.5) lib/rack/handler/thin.rb:13:in `run'
  rack (1.4.5) lib/rack/server.rb:268:in `start'
  railties (3.2.13) lib/rails/commands/server.rb:70:in `start'
  railties (3.2.13) lib/rails/commands.rb:55:in `block in <top (required)>'
  railties (3.2.13) lib/rails/commands.rb:50:in `tap'
  railties (3.2.13) lib/rails/commands.rb:50:in `<top (required)>'
  script/rails:6:in `require'
  script/rails:6:in `<main>'


  Rendered /home/vagrant/.rvm/gems/ruby-1.9.3-p429/gems/actionpack-3.2.13/lib/action_dispatch/middleware/templates/rescues/missing_template.erb within rescues/layout (0.4ms)


Started GET "/" for 10.0.2.2 at 2013-07-27 01:47:00 +0000
Processing by MainController#index as HTML
  Rendered main/index.html.erb within layouts/application (0.4ms)
Compiled bootstrap_and_overrides.css  (2069ms)  (pid 1765)
Compiled main.css  (2ms)  (pid 1765)
Compiled application.css  (2141ms)  (pid 1765)
Compiled jquery.js  (29ms)  (pid 1765)
Compiled jquery_ujs.js  (0ms)  (pid 1765)
Compiled bootstrap-transition.js  (0ms)  (pid 1765)
Compiled bootstrap-affix.js  (0ms)  (pid 1765)
Compiled bootstrap-alert.js  (0ms)  (pid 1765)
Compiled bootstrap-button.js  (0ms)  (pid 1765)
Compiled bootstrap-carousel.js  (0ms)  (pid 1765)
Compiled bootstrap-collapse.js  (0ms)  (pid 1765)
Compiled bootstrap-dropdown.js  (0ms)  (pid 1765)
Compiled bootstrap-modal.js  (0ms)  (pid 1765)
Compiled bootstrap-scrollspy.js  (0ms)  (pid 1765)
Compiled bootstrap-tab.js  (0ms)  (pid 1765)
Compiled bootstrap-tooltip.js  (0ms)  (pid 1765)
Compiled bootstrap-popover.js  (0ms)  (pid 1765)
Compiled bootstrap-typeahead.js  (0ms)  (pid 1765)
Compiled bootstrap.js  (336ms)  (pid 1765)
Compiled main.js  (163ms)  (pid 1765)
Compiled application.js  (588ms)  (pid 1765)
Completed 200 OK in 2814ms (Views: 2813.9ms | ActiveRecord: 0.0ms)


Started GET "/assets/application.css?body=1" for 10.0.2.2 at 2013-07-27 01:47:03 +0000
Served asset /application.css - 200 OK (35ms)


Started GET "/assets/bootstrap_and_overrides.css?body=1" for 10.0.2.2 at 2013-07-27 01:47:03 +0000
Served asset /bootstrap_and_overrides.css - 200 OK (6ms)


Started GET "/assets/main.css?body=1" for 10.0.2.2 at 2013-07-27 01:47:03 +0000
Served asset /main.css - 200 OK (1ms)


Started GET "/assets/jquery.js?body=1" for 10.0.2.2 at 2013-07-27 01:47:03 +0000
Served asset /jquery.js - 200 OK (1ms)


Started GET "/assets/jquery_ujs.js?body=1" for 10.0.2.2 at 2013-07-27 01:47:03 +0000
Served asset /jquery_ujs.js - 200 OK (2ms)


Started GET "/assets/bootstrap-transition.js?body=1" for 10.0.2.2 at 2013-07-27 01:47:03 +0000
Served asset /bootstrap-transition.js - 200 OK (1ms)


Started GET "/assets/bootstrap-affix.js?body=1" for 10.0.2.2 at 2013-07-27 01:47:03 +0000
Served asset /bootstrap-affix.js - 200 OK (1ms)


Started GET "/assets/bootstrap-alert.js?body=1" for 10.0.2.2 at 2013-07-27 01:47:03 +0000
Served asset /bootstrap-alert.js - 200 OK (1ms)


Started GET "/assets/bootstrap-collapse.js?body=1" for 10.0.2.2 at 2013-07-27 01:47:03 +0000
Served asset /bootstrap-collapse.js - 200 OK (1ms)


Started GET "/assets/bootstrap-carousel.js?body=1" for 10.0.2.2 at 2013-07-27 01:47:03 +0000
Served asset /bootstrap-carousel.js - 200 OK (1ms)


Started GET "/assets/bootstrap-button.js?body=1" for 10.0.2.2 at 2013-07-27 01:47:03 +0000
Served asset /bootstrap-button.js - 200 OK (1ms)


Started GET "/assets/bootstrap-dropdown.js?body=1" for 10.0.2.2 at 2013-07-27 01:47:03 +0000
Served asset /bootstrap-dropdown.js - 200 OK (1ms)


Started GET "/assets/bootstrap-modal.js?body=1" for 10.0.2.2 at 2013-07-27 01:47:03 +0000
Served asset /bootstrap-modal.js - 200 OK (1ms)


Started GET "/assets/bootstrap-tab.js?body=1" for 10.0.2.2 at 2013-07-27 01:47:03 +0000
Served asset /bootstrap-tab.js - 200 OK (1ms)


Started GET "/assets/bootstrap-scrollspy.js?body=1" for 10.0.2.2 at 2013-07-27 01:47:03 +0000
Served asset /bootstrap-scrollspy.js - 200 OK (1ms)


Started GET "/assets/bootstrap-tooltip.js?body=1" for 10.0.2.2 at 2013-07-27 01:47:03 +0000
Served asset /bootstrap-tooltip.js - 200 OK (1ms)


Started GET "/assets/bootstrap-popover.js?body=1" for 10.0.2.2 at 2013-07-27 01:47:03 +0000
Served asset /bootstrap-popover.js - 200 OK (1ms)


Started GET "/assets/bootstrap.js?body=1" for 10.0.2.2 at 2013-07-27 01:47:03 +0000
Served asset /bootstrap.js - 200 OK (10ms)


Started GET "/assets/bootstrap-typeahead.js?body=1" for 10.0.2.2 at 2013-07-27 01:47:03 +0000
Served asset /bootstrap-typeahead.js - 200 OK (1ms)


Started GET "/assets/main.js?body=1" for 10.0.2.2 at 2013-07-27 01:47:03 +0000
Served asset /main.js - 200 OK (0ms)


Started GET "/assets/application.js?body=1" for 10.0.2.2 at 2013-07-27 01:47:03 +0000
Served asset /application.js - 200 OK (37ms)
Connecting to database specified by database.yml


Started GET "/users/sign_up" for 10.0.2.2 at 2013-07-27 01:51:58 +0000

ActionController::RoutingError (No route matches [GET] "/users/sign_up"):
  actionpack (3.2.13) lib/action_dispatch/middleware/debug_exceptions.rb:21:in `call'
  actionpack (3.2.13) lib/action_dispatch/middleware/show_exceptions.rb:56:in `call'
  railties (3.2.13) lib/rails/rack/logger.rb:32:in `call_app'
  railties (3.2.13) lib/rails/rack/logger.rb:16:in `block in call'
  activesupport (3.2.13) lib/active_support/tagged_logging.rb:22:in `tagged'
  railties (3.2.13) lib/rails/rack/logger.rb:16:in `call'
  actionpack (3.2.13) lib/action_dispatch/middleware/request_id.rb:22:in `call'
  rack (1.4.5) lib/rack/methodoverride.rb:21:in `call'
  rack (1.4.5) lib/rack/runtime.rb:17:in `call'
  activesupport (3.2.13) lib/active_support/cache/strategy/local_cache.rb:72:in `call'
  rack (1.4.5) lib/rack/lock.rb:15:in `call'
  actionpack (3.2.13) lib/action_dispatch/middleware/static.rb:63:in `call'
  railties (3.2.13) lib/rails/engine.rb:479:in `call'
  railties (3.2.13) lib/rails/application.rb:223:in `call'
  rack (1.4.5) lib/rack/content_length.rb:14:in `call'
  railties (3.2.13) lib/rails/rack/log_tailer.rb:17:in `call'
  thin (1.5.1) lib/thin/connection.rb:81:in `block in pre_process'
  thin (1.5.1) lib/thin/connection.rb:79:in `catch'
  thin (1.5.1) lib/thin/connection.rb:79:in `pre_process'
  thin (1.5.1) lib/thin/connection.rb:54:in `process'
  thin (1.5.1) lib/thin/connection.rb:39:in `receive_data'
  eventmachine (1.0.3) lib/eventmachine.rb:187:in `run_machine'
  eventmachine (1.0.3) lib/eventmachine.rb:187:in `run'
  thin (1.5.1) lib/thin/backends/base.rb:63:in `start'
  thin (1.5.1) lib/thin/server.rb:159:in `start'
  rack (1.4.5) lib/rack/handler/thin.rb:13:in `run'
  rack (1.4.5) lib/rack/server.rb:268:in `start'
  railties (3.2.13) lib/rails/commands/server.rb:70:in `start'
  railties (3.2.13) lib/rails/commands.rb:55:in `block in <top (required)>'
  railties (3.2.13) lib/rails/commands.rb:50:in `tap'
  railties (3.2.13) lib/rails/commands.rb:50:in `<top (required)>'
  script/rails:6:in `require'
  script/rails:6:in `<main>'


  Rendered /home/vagrant/.rvm/gems/ruby-1.9.3-p429/gems/actionpack-3.2.13/lib/action_dispatch/middleware/templates/rescues/routing_error.erb within rescues/layout (2.1ms)


Started GET "/users/sign_up" for 10.0.2.2 at 2013-07-27 01:52:16 +0000

ActionController::RoutingError (No route matches [GET] "/users/sign_up"):
  actionpack (3.2.13) lib/action_dispatch/middleware/debug_exceptions.rb:21:in `call'
  actionpack (3.2.13) lib/action_dispatch/middleware/show_exceptions.rb:56:in `call'
  railties (3.2.13) lib/rails/rack/logger.rb:32:in `call_app'
  railties (3.2.13) lib/rails/rack/logger.rb:16:in `block in call'
  activesupport (3.2.13) lib/active_support/tagged_logging.rb:22:in `tagged'
  railties (3.2.13) lib/rails/rack/logger.rb:16:in `call'
  actionpack (3.2.13) lib/action_dispatch/middleware/request_id.rb:22:in `call'
  rack (1.4.5) lib/rack/methodoverride.rb:21:in `call'
  rack (1.4.5) lib/rack/runtime.rb:17:in `call'
  activesupport (3.2.13) lib/active_support/cache/strategy/local_cache.rb:72:in `call'
  rack (1.4.5) lib/rack/lock.rb:15:in `call'
  actionpack (3.2.13) lib/action_dispatch/middleware/static.rb:63:in `call'
  railties (3.2.13) lib/rails/engine.rb:479:in `call'
  railties (3.2.13) lib/rails/application.rb:223:in `call'
  rack (1.4.5) lib/rack/content_length.rb:14:in `call'
  railties (3.2.13) lib/rails/rack/log_tailer.rb:17:in `call'
  thin (1.5.1) lib/thin/connection.rb:81:in `block in pre_process'
  thin (1.5.1) lib/thin/connection.rb:79:in `catch'
  thin (1.5.1) lib/thin/connection.rb:79:in `pre_process'
  thin (1.5.1) lib/thin/connection.rb:54:in `process'
  thin (1.5.1) lib/thin/connection.rb:39:in `receive_data'
  eventmachine (1.0.3) lib/eventmachine.rb:187:in `run_machine'
  eventmachine (1.0.3) lib/eventmachine.rb:187:in `run'
  thin (1.5.1) lib/thin/backends/base.rb:63:in `start'
  thin (1.5.1) lib/thin/server.rb:159:in `start'
  rack (1.4.5) lib/rack/handler/thin.rb:13:in `run'
  rack (1.4.5) lib/rack/server.rb:268:in `start'
  railties (3.2.13) lib/rails/commands/server.rb:70:in `start'
  railties (3.2.13) lib/rails/commands.rb:55:in `block in <top (required)>'
  railties (3.2.13) lib/rails/commands.rb:50:in `tap'
  railties (3.2.13) lib/rails/commands.rb:50:in `<top (required)>'
  script/rails:6:in `require'
  script/rails:6:in `<main>'


  Rendered /home/vagrant/.rvm/gems/ruby-1.9.3-p429/gems/actionpack-3.2.13/lib/action_dispatch/middleware/templates/rescues/routing_error.erb within rescues/layout (0.5ms)


Started GET "/users/sign_up" for 10.0.2.2 at 2013-07-27 01:52:38 +0000

ActionController::RoutingError (No route matches [GET] "/users/sign_up"):
  actionpack (3.2.13) lib/action_dispatch/middleware/debug_exceptions.rb:21:in `call'
  actionpack (3.2.13) lib/action_dispatch/middleware/show_exceptions.rb:56:in `call'
  railties (3.2.13) lib/rails/rack/logger.rb:32:in `call_app'
  railties (3.2.13) lib/rails/rack/logger.rb:16:in `block in call'
  activesupport (3.2.13) lib/active_support/tagged_logging.rb:22:in `tagged'
  railties (3.2.13) lib/rails/rack/logger.rb:16:in `call'
  actionpack (3.2.13) lib/action_dispatch/middleware/request_id.rb:22:in `call'
  rack (1.4.5) lib/rack/methodoverride.rb:21:in `call'
  rack (1.4.5) lib/rack/runtime.rb:17:in `call'
  activesupport (3.2.13) lib/active_support/cache/strategy/local_cache.rb:72:in `call'
  rack (1.4.5) lib/rack/lock.rb:15:in `call'
  actionpack (3.2.13) lib/action_dispatch/middleware/static.rb:63:in `call'
  railties (3.2.13) lib/rails/engine.rb:479:in `call'
  railties (3.2.13) lib/rails/application.rb:223:in `call'
  rack (1.4.5) lib/rack/content_length.rb:14:in `call'
  railties (3.2.13) lib/rails/rack/log_tailer.rb:17:in `call'
  thin (1.5.1) lib/thin/connection.rb:81:in `block in pre_process'
  thin (1.5.1) lib/thin/connection.rb:79:in `catch'
  thin (1.5.1) lib/thin/connection.rb:79:in `pre_process'
  thin (1.5.1) lib/thin/connection.rb:54:in `process'
  thin (1.5.1) lib/thin/connection.rb:39:in `receive_data'
  eventmachine (1.0.3) lib/eventmachine.rb:187:in `run_machine'
  eventmachine (1.0.3) lib/eventmachine.rb:187:in `run'
  thin (1.5.1) lib/thin/backends/base.rb:63:in `start'
  thin (1.5.1) lib/thin/server.rb:159:in `start'
  rack (1.4.5) lib/rack/handler/thin.rb:13:in `run'
  rack (1.4.5) lib/rack/server.rb:268:in `start'
  railties (3.2.13) lib/rails/commands/server.rb:70:in `start'
  railties (3.2.13) lib/rails/commands.rb:55:in `block in <top (required)>'
  railties (3.2.13) lib/rails/commands.rb:50:in `tap'
  railties (3.2.13) lib/rails/commands.rb:50:in `<top (required)>'
  script/rails:6:in `require'
  script/rails:6:in `<main>'


  Rendered /home/vagrant/.rvm/gems/ruby-1.9.3-p429/gems/actionpack-3.2.13/lib/action_dispatch/middleware/templates/rescues/routing_error.erb within rescues/layout (0.4ms)


Started GET "/users/sign_up" for 10.0.2.2 at 2013-07-27 01:52:40 +0000

ActionController::RoutingError (No route matches [GET] "/users/sign_up"):
  actionpack (3.2.13) lib/action_dispatch/middleware/debug_exceptions.rb:21:in `call'
  actionpack (3.2.13) lib/action_dispatch/middleware/show_exceptions.rb:56:in `call'
  railties (3.2.13) lib/rails/rack/logger.rb:32:in `call_app'
  railties (3.2.13) lib/rails/rack/logger.rb:16:in `block in call'
  activesupport (3.2.13) lib/active_support/tagged_logging.rb:22:in `tagged'
  railties (3.2.13) lib/rails/rack/logger.rb:16:in `call'
  actionpack (3.2.13) lib/action_dispatch/middleware/request_id.rb:22:in `call'
  rack (1.4.5) lib/rack/methodoverride.rb:21:in `call'
  rack (1.4.5) lib/rack/runtime.rb:17:in `call'
  activesupport (3.2.13) lib/active_support/cache/strategy/local_cache.rb:72:in `call'
  rack (1.4.5) lib/rack/lock.rb:15:in `call'
  actionpack (3.2.13) lib/action_dispatch/middleware/static.rb:63:in `call'
  railties (3.2.13) lib/rails/engine.rb:479:in `call'
  railties (3.2.13) lib/rails/application.rb:223:in `call'
  rack (1.4.5) lib/rack/content_length.rb:14:in `call'
  railties (3.2.13) lib/rails/rack/log_tailer.rb:17:in `call'
  thin (1.5.1) lib/thin/connection.rb:81:in `block in pre_process'
  thin (1.5.1) lib/thin/connection.rb:79:in `catch'
  thin (1.5.1) lib/thin/connection.rb:79:in `pre_process'
  thin (1.5.1) lib/thin/connection.rb:54:in `process'
  thin (1.5.1) lib/thin/connection.rb:39:in `receive_data'
  eventmachine (1.0.3) lib/eventmachine.rb:187:in `run_machine'
  eventmachine (1.0.3) lib/eventmachine.rb:187:in `run'
  thin (1.5.1) lib/thin/backends/base.rb:63:in `start'
  thin (1.5.1) lib/thin/server.rb:159:in `start'
  rack (1.4.5) lib/rack/handler/thin.rb:13:in `run'
  rack (1.4.5) lib/rack/server.rb:268:in `start'
  railties (3.2.13) lib/rails/commands/server.rb:70:in `start'
  railties (3.2.13) lib/rails/commands.rb:55:in `block in <top (required)>'
  railties (3.2.13) lib/rails/commands.rb:50:in `tap'
  railties (3.2.13) lib/rails/commands.rb:50:in `<top (required)>'
  script/rails:6:in `require'
  script/rails:6:in `<main>'


  Rendered /home/vagrant/.rvm/gems/ruby-1.9.3-p429/gems/actionpack-3.2.13/lib/action_dispatch/middleware/templates/rescues/routing_error.erb within rescues/layout (0.5ms)


Started GET "/" for 10.0.2.2 at 2013-07-27 01:52:45 +0000
Processing by MainController#index as HTML
  Rendered main/index.html.erb within layouts/application (0.2ms)
Completed 200 OK in 61ms (Views: 61.0ms | ActiveRecord: 0.0ms)


Started GET "/assets/application.css?body=1" for 10.0.2.2 at 2013-07-27 01:52:45 +0000
Served asset /application.css - 200 OK (31ms)


Started GET "/assets/bootstrap_and_overrides.css?body=1" for 10.0.2.2 at 2013-07-27 01:52:45 +0000
Served asset /bootstrap_and_overrides.css - 304 Not Modified (6ms)


Started GET "/assets/main.css?body=1" for 10.0.2.2 at 2013-07-27 01:52:45 +0000
Served asset /main.css - 304 Not Modified (1ms)


Started GET "/assets/jquery.js?body=1" for 10.0.2.2 at 2013-07-27 01:52:45 +0000
Served asset /jquery.js - 200 OK (1ms)


Started GET "/assets/jquery_ujs.js?body=1" for 10.0.2.2 at 2013-07-27 01:52:45 +0000
Served asset /jquery_ujs.js - 200 OK (2ms)


Started GET "/assets/bootstrap-affix.js?body=1" for 10.0.2.2 at 2013-07-27 01:52:45 +0000
Served asset /bootstrap-affix.js - 304 Not Modified (1ms)


Started GET "/assets/bootstrap-transition.js?body=1" for 10.0.2.2 at 2013-07-27 01:52:45 +0000
Served asset /bootstrap-transition.js - 304 Not Modified (1ms)


Started GET "/assets/bootstrap-alert.js?body=1" for 10.0.2.2 at 2013-07-27 01:52:45 +0000
Served asset /bootstrap-alert.js - 304 Not Modified (1ms)


Started GET "/assets/bootstrap-button.js?body=1" for 10.0.2.2 at 2013-07-27 01:52:45 +0000
Served asset /bootstrap-button.js - 304 Not Modified (2ms)


Started GET "/assets/bootstrap-carousel.js?body=1" for 10.0.2.2 at 2013-07-27 01:52:45 +0000
Served asset /bootstrap-carousel.js - 304 Not Modified (1ms)


Started GET "/assets/bootstrap-collapse.js?body=1" for 10.0.2.2 at 2013-07-27 01:52:45 +0000
Served asset /bootstrap-collapse.js - 304 Not Modified (1ms)


Started GET "/assets/bootstrap-dropdown.js?body=1" for 10.0.2.2 at 2013-07-27 01:52:45 +0000
Served asset /bootstrap-dropdown.js - 304 Not Modified (1ms)


Started GET "/assets/bootstrap-modal.js?body=1" for 10.0.2.2 at 2013-07-27 01:52:45 +0000
Served asset /bootstrap-modal.js - 304 Not Modified (1ms)


Started GET "/assets/bootstrap-scrollspy.js?body=1" for 10.0.2.2 at 2013-07-27 01:52:45 +0000
Served asset /bootstrap-scrollspy.js - 304 Not Modified (1ms)


Started GET "/assets/bootstrap-tab.js?body=1" for 10.0.2.2 at 2013-07-27 01:52:45 +0000
Served asset /bootstrap-tab.js - 304 Not Modified (1ms)


Started GET "/assets/bootstrap-tooltip.js?body=1" for 10.0.2.2 at 2013-07-27 01:52:45 +0000
Served asset /bootstrap-tooltip.js - 304 Not Modified (1ms)


Started GET "/assets/bootstrap-popover.js?body=1" for 10.0.2.2 at 2013-07-27 01:52:45 +0000
Served asset /bootstrap-popover.js - 304 Not Modified (1ms)


Started GET "/assets/bootstrap-typeahead.js?body=1" for 10.0.2.2 at 2013-07-27 01:52:45 +0000
Served asset /bootstrap-typeahead.js - 304 Not Modified (1ms)


Started GET "/assets/bootstrap.js?body=1" for 10.0.2.2 at 2013-07-27 01:52:45 +0000
Served asset /bootstrap.js - 304 Not Modified (10ms)


Started GET "/assets/main.js?body=1" for 10.0.2.2 at 2013-07-27 01:52:45 +0000
Served asset /main.js - 304 Not Modified (0ms)


Started GET "/assets/application.js?body=1" for 10.0.2.2 at 2013-07-27 01:52:45 +0000
Served asset /application.js - 200 OK (35ms)


Started GET "/" for 10.0.2.2 at 2013-07-27 01:52:54 +0000
Processing by MainController#index as HTML
  Rendered main/index.html.erb within layouts/application (0.3ms)
Completed 200 OK in 18ms (Views: 17.4ms | ActiveRecord: 0.0ms)


Started GET "/assets/application.css?body=1" for 10.0.2.2 at 2013-07-27 01:52:54 +0000
Served asset /application.css - 304 Not Modified (3ms)


Started GET "/assets/bootstrap_and_overrides.css?body=1" for 10.0.2.2 at 2013-07-27 01:52:54 +0000
Served asset /bootstrap_and_overrides.css - 304 Not Modified (2ms)


Started GET "/assets/main.css?body=1" for 10.0.2.2 at 2013-07-27 01:52:54 +0000
Served asset /main.css - 304 Not Modified (0ms)


Started GET "/assets/jquery.js?body=1" for 10.0.2.2 at 2013-07-27 01:52:54 +0000
Served asset /jquery.js - 304 Not Modified (0ms)


Started GET "/assets/jquery_ujs.js?body=1" for 10.0.2.2 at 2013-07-27 01:52:54 +0000
Served asset /jquery_ujs.js - 304 Not Modified (0ms)


Started GET "/assets/bootstrap-transition.js?body=1" for 10.0.2.2 at 2013-07-27 01:52:54 +0000
Served asset /bootstrap-transition.js - 304 Not Modified (0ms)


Started GET "/assets/bootstrap-affix.js?body=1" for 10.0.2.2 at 2013-07-27 01:52:54 +0000
Served asset /bootstrap-affix.js - 304 Not Modified (0ms)


Started GET "/assets/bootstrap-alert.js?body=1" for 10.0.2.2 at 2013-07-27 01:52:54 +0000
Served asset /bootstrap-alert.js - 304 Not Modified (0ms)


Started GET "/assets/bootstrap-button.js?body=1" for 10.0.2.2 at 2013-07-27 01:52:54 +0000
Served asset /bootstrap-button.js - 304 Not Modified (0ms)


Started GET "/assets/bootstrap-carousel.js?body=1" for 10.0.2.2 at 2013-07-27 01:52:54 +0000
Served asset /bootstrap-carousel.js - 304 Not Modified (0ms)


Started GET "/assets/bootstrap-collapse.js?body=1" for 10.0.2.2 at 2013-07-27 01:52:54 +0000
Served asset /bootstrap-collapse.js - 304 Not Modified (0ms)


Started GET "/assets/bootstrap-dropdown.js?body=1" for 10.0.2.2 at 2013-07-27 01:52:54 +0000
Served asset /bootstrap-dropdown.js - 304 Not Modified (0ms)


Started GET "/assets/bootstrap-modal.js?body=1" for 10.0.2.2 at 2013-07-27 01:52:54 +0000
Served asset /bootstrap-modal.js - 304 Not Modified (0ms)


Started GET "/assets/bootstrap-scrollspy.js?body=1" for 10.0.2.2 at 2013-07-27 01:52:54 +0000
Served asset /bootstrap-scrollspy.js - 304 Not Modified (0ms)


Started GET "/assets/bootstrap-tab.js?body=1" for 10.0.2.2 at 2013-07-27 01:52:54 +0000
Served asset /bootstrap-tab.js - 304 Not Modified (0ms)


Started GET "/assets/bootstrap-tooltip.js?body=1" for 10.0.2.2 at 2013-07-27 01:52:54 +0000
Served asset /bootstrap-tooltip.js - 304 Not Modified (0ms)


Started GET "/assets/bootstrap-popover.js?body=1" for 10.0.2.2 at 2013-07-27 01:52:54 +0000
Served asset /bootstrap-popover.js - 304 Not Modified (0ms)


Started GET "/assets/bootstrap-typeahead.js?body=1" for 10.0.2.2 at 2013-07-27 01:52:54 +0000
Served asset /bootstrap-typeahead.js - 304 Not Modified (0ms)


Started GET "/assets/bootstrap.js?body=1" for 10.0.2.2 at 2013-07-27 01:52:54 +0000
Served asset /bootstrap.js - 304 Not Modified (0ms)


Started GET "/assets/main.js?body=1" for 10.0.2.2 at 2013-07-27 01:52:54 +0000
Served asset /main.js - 304 Not Modified (0ms)


Started GET "/assets/application.js?body=1" for 10.0.2.2 at 2013-07-27 01:52:54 +0000
Served asset /application.js - 304 Not Modified (1ms)


Started GET "/" for 10.0.2.2 at 2013-07-27 01:52:57 +0000
Processing by MainController#index as HTML
  Rendered main/index.html.erb within layouts/application (0.1ms)
Completed 200 OK in 20ms (Views: 20.0ms | ActiveRecord: 0.0ms)


Started GET "/assets/application.css?body=1" for 10.0.2.2 at 2013-07-27 01:52:57 +0000
Served asset /application.css - 304 Not Modified (2ms)


Started GET "/assets/bootstrap_and_overrides.css?body=1" for 10.0.2.2 at 2013-07-27 01:52:57 +0000
Served asset /bootstrap_and_overrides.css - 304 Not Modified (22ms)


Started GET "/assets/main.css?body=1" for 10.0.2.2 at 2013-07-27 01:52:57 +0000
Served asset /main.css - 304 Not Modified (0ms)


Started GET "/assets/jquery.js?body=1" for 10.0.2.2 at 2013-07-27 01:52:57 +0000
Served asset /jquery.js - 304 Not Modified (0ms)


Started GET "/assets/jquery_ujs.js?body=1" for 10.0.2.2 at 2013-07-27 01:52:57 +0000
Served asset /jquery_ujs.js - 304 Not Modified (0ms)


Started GET "/assets/bootstrap-transition.js?body=1" for 10.0.2.2 at 2013-07-27 01:52:57 +0000
Served asset /bootstrap-transition.js - 304 Not Modified (0ms)


Started GET "/assets/bootstrap-affix.js?body=1" for 10.0.2.2 at 2013-07-27 01:52:57 +0000
Served asset /bootstrap-affix.js - 304 Not Modified (0ms)


Started GET "/assets/bootstrap-alert.js?body=1" for 10.0.2.2 at 2013-07-27 01:52:57 +0000
Served asset /bootstrap-alert.js - 304 Not Modified (0ms)


Started GET "/assets/bootstrap-button.js?body=1" for 10.0.2.2 at 2013-07-27 01:52:57 +0000
Served asset /bootstrap-button.js - 304 Not Modified (0ms)


Started GET "/assets/bootstrap-carousel.js?body=1" for 10.0.2.2 at 2013-07-27 01:52:57 +0000
Served asset /bootstrap-carousel.js - 304 Not Modified (0ms)


Started GET "/assets/bootstrap-collapse.js?body=1" for 10.0.2.2 at 2013-07-27 01:52:57 +0000
Served asset /bootstrap-collapse.js - 304 Not Modified (0ms)


Started GET "/assets/bootstrap-dropdown.js?body=1" for 10.0.2.2 at 2013-07-27 01:52:57 +0000
Served asset /bootstrap-dropdown.js - 304 Not Modified (0ms)


Started GET "/assets/bootstrap-modal.js?body=1" for 10.0.2.2 at 2013-07-27 01:52:57 +0000
Served asset /bootstrap-modal.js - 304 Not Modified (0ms)


Started GET "/assets/bootstrap-scrollspy.js?body=1" for 10.0.2.2 at 2013-07-27 01:52:57 +0000
Served asset /bootstrap-scrollspy.js - 304 Not Modified (0ms)


Started GET "/assets/bootstrap-tab.js?body=1" for 10.0.2.2 at 2013-07-27 01:52:57 +0000
Served asset /bootstrap-tab.js - 304 Not Modified (0ms)


Started GET "/assets/bootstrap-tooltip.js?body=1" for 10.0.2.2 at 2013-07-27 01:52:57 +0000
Served asset /bootstrap-tooltip.js - 304 Not Modified (0ms)


Started GET "/assets/bootstrap-popover.js?body=1" for 10.0.2.2 at 2013-07-27 01:52:57 +0000
Served asset /bootstrap-popover.js - 304 Not Modified (0ms)


Started GET "/assets/bootstrap-typeahead.js?body=1" for 10.0.2.2 at 2013-07-27 01:52:57 +0000
Served asset /bootstrap-typeahead.js - 304 Not Modified (0ms)


Started GET "/assets/bootstrap.js?body=1" for 10.0.2.2 at 2013-07-27 01:52:57 +0000
Served asset /bootstrap.js - 304 Not Modified (0ms)


Started GET "/assets/main.js?body=1" for 10.0.2.2 at 2013-07-27 01:52:57 +0000
Served asset /main.js - 304 Not Modified (0ms)


Started GET "/assets/application.js?body=1" for 10.0.2.2 at 2013-07-27 01:52:57 +0000
Served asset /application.js - 304 Not Modified (2ms)


Started GET "/" for 10.0.2.2 at 2013-07-27 01:53:30 +0000
Processing by MainController#index as HTML
  Rendered main/index.html.erb within layouts/application (0.3ms)
Completed 200 OK in 17ms (Views: 16.6ms | ActiveRecord: 0.0ms)


Started GET "/assets/application.css?body=1" for 10.0.2.2 at 2013-07-27 01:53:30 +0000
Served asset /application.css - 304 Not Modified (22ms)


Started GET "/assets/bootstrap_and_overrides.css?body=1" for 10.0.2.2 at 2013-07-27 01:53:30 +0000
Served asset /bootstrap_and_overrides.css - 304 Not Modified (1ms)


Started GET "/assets/main.css?body=1" for 10.0.2.2 at 2013-07-27 01:53:30 +0000
Served asset /main.css - 304 Not Modified (0ms)


Started GET "/assets/jquery.js?body=1" for 10.0.2.2 at 2013-07-27 01:53:30 +0000
Served asset /jquery.js - 304 Not Modified (0ms)


Started GET "/assets/jquery_ujs.js?body=1" for 10.0.2.2 at 2013-07-27 01:53:30 +0000
Served asset /jquery_ujs.js - 304 Not Modified (0ms)


Started GET "/assets/bootstrap-transition.js?body=1" for 10.0.2.2 at 2013-07-27 01:53:30 +0000
Served asset /bootstrap-transition.js - 304 Not Modified (0ms)


Started GET "/assets/bootstrap-affix.js?body=1" for 10.0.2.2 at 2013-07-27 01:53:30 +0000
Served asset /bootstrap-affix.js - 304 Not Modified (0ms)


Started GET "/assets/bootstrap-alert.js?body=1" for 10.0.2.2 at 2013-07-27 01:53:30 +0000
Served asset /bootstrap-alert.js - 304 Not Modified (0ms)


Started GET "/assets/bootstrap-button.js?body=1" for 10.0.2.2 at 2013-07-27 01:53:30 +0000
Served asset /bootstrap-button.js - 304 Not Modified (0ms)


Started GET "/assets/bootstrap-carousel.js?body=1" for 10.0.2.2 at 2013-07-27 01:53:30 +0000
Served asset /bootstrap-carousel.js - 304 Not Modified (0ms)


Started GET "/assets/bootstrap-collapse.js?body=1" for 10.0.2.2 at 2013-07-27 01:53:30 +0000
Served asset /bootstrap-collapse.js - 304 Not Modified (0ms)


Started GET "/assets/bootstrap-dropdown.js?body=1" for 10.0.2.2 at 2013-07-27 01:53:30 +0000
Served asset /bootstrap-dropdown.js - 304 Not Modified (0ms)


Started GET "/assets/bootstrap-modal.js?body=1" for 10.0.2.2 at 2013-07-27 01:53:30 +0000
Served asset /bootstrap-modal.js - 304 Not Modified (0ms)


Started GET "/assets/bootstrap-scrollspy.js?body=1" for 10.0.2.2 at 2013-07-27 01:53:30 +0000
Served asset /bootstrap-scrollspy.js - 304 Not Modified (0ms)


Started GET "/assets/bootstrap-tab.js?body=1" for 10.0.2.2 at 2013-07-27 01:53:30 +0000
Served asset /bootstrap-tab.js - 304 Not Modified (0ms)


Started GET "/assets/bootstrap-tooltip.js?body=1" for 10.0.2.2 at 2013-07-27 01:53:30 +0000
Served asset /bootstrap-tooltip.js - 304 Not Modified (0ms)


Started GET "/assets/bootstrap-popover.js?body=1" for 10.0.2.2 at 2013-07-27 01:53:30 +0000
Served asset /bootstrap-popover.js - 304 Not Modified (0ms)


Started GET "/assets/bootstrap-typeahead.js?body=1" for 10.0.2.2 at 2013-07-27 01:53:30 +0000
Served asset /bootstrap-typeahead.js - 304 Not Modified (0ms)


Started GET "/assets/bootstrap.js?body=1" for 10.0.2.2 at 2013-07-27 01:53:30 +0000
Served asset /bootstrap.js - 304 Not Modified (0ms)


Started GET "/assets/main.js?body=1" for 10.0.2.2 at 2013-07-27 01:53:30 +0000
Served asset /main.js - 304 Not Modified (0ms)


Started GET "/assets/application.js?body=1" for 10.0.2.2 at 2013-07-27 01:53:30 +0000
Served asset /application.js - 304 Not Modified (1ms)
